<?xml version="1.0" encoding="UTF-8"?>
<testsuite xmlns:xsi="http://www.w3.org/2001/XMLSchema-instance" xsi:noNamespaceSchemaLocation="https://maven.apache.org/surefire/maven-surefire-plugin/xsd/surefire-test-report-3.0.xsd" version="3.0" name="flightapp.FlightServiceTest" time="131.107" tests="2" errors="0" skipped="0" failures="0">
  <properties>
[...]
</properties>
  <testcase name="runTest[0]" classname="flightapp.FlightServiceTest" time="65.05">
    <system-out><![CDATA[Running test setup...
... using dbconn.properties for test credentials
... not resetting student-created tables [WARNING!  WARNING!]

Starting tests
Running test file: /Users/davidyu/Desktop/UW junior year/23Wi/CSE344/Homework/HW5/hw5/cases/transaction/search/search_different.txt
]]></system-out>
  </testcase>
  <testcase name="runTest[1]" classname="flightapp.FlightServiceTest" time="64.474">
    <system-out><![CDATA[Running test file: /Users/davidyu/Desktop/UW junior year/23Wi/CSE344/Homework/HW5/hw5/cases/transaction/search/search_multi.txt
]]></system-out>
  </testcase>
</testsuite>